============================= test session starts ==============================
platform linux -- Python 3.12.3, pytest-9.0.2, pluggy-1.6.0 -- /home/hitoshi/IRON/ironenv/bin/python3
cachedir: .pytest_cache
rootdir: /home/hitoshi/IRON
configfile: pytest.ini
plugins: anyio-4.12.0
collecting ... collected 2 items

test.py::test_spmv[matrix_vector_mul_24x24_9ell_1_1col0] NPU Data Shape: (432,)
ell_width: 9
Matrix Rows(cal by npu data and ell_width): 24
using scalar matvec kernel
Added trace shim tile: tile(col=0, row=0)
Tiles to trace: [%0 = "aie.tile"() <{col = 0 : i32, row = 2 : i32}> : () -> index, %0 = "aie.tile"() <{col = 0 : i32, row = 2 : i32}> : () -> index, %3 = "aie.tile"() <{col = 0 : i32, row = 0 : i32}> : () -> index]
core tile memory trace
[AIESPMV] Trace saved to trace_spmv_24_24_1_1col_1st.txt
[AIESPMV] Trace contains 384 non-empty lines.
[AIESPMV] Using MLIR file: build/spmv_1c_24x24_9ell_1t_traceddr3.mlir
[AIESPMV] Parsing trace command: python3 ../../applications/llama_3.2_1b/parse_trace.py --input trace_spmv_24_24_1_1col_1st.txt --mlir build/spmv_1c_24x24_9ell_1t_traceddr3.mlir --output trace_spmv_24_24_1_1col_1st.json
[AIESPMV] Trace parsed successfully. Output: trace_spmv_24_24_1_1col_1st.json

Latency: 62.6 us
Throughput: 1.839400e-02 GFLOP/s
Effective Bandwidth: 1.532833e-02 GB/s

PASSED
test.py::test_spmv[matrix_vector_mul_24x24_9ell_1_1col1] NPU Data Shape: (432,)
ell_width: 9
Matrix Rows(cal by npu data and ell_width): 24
[AIESPMV] Trace saved to trace_spmv_24_24_1_1col_1st.txt
[AIESPMV] Trace contains 384 non-empty lines.
[AIESPMV] Using MLIR file: build/spmv_1c_24x24_9ell_1t_traceddr3.mlir
[AIESPMV] Parsing trace command: python3 ../../applications/llama_3.2_1b/parse_trace.py --input trace_spmv_24_24_1_1col_1st.txt --mlir build/spmv_1c_24x24_9ell_1t_traceddr3.mlir --output trace_spmv_24_24_1_1col_1st.json
[AIESPMV] Trace parsed successfully. Output: trace_spmv_24_24_1_1col_1st.json

Latency: 65.7 us
Throughput: 1.753185e-02 GFLOP/s
Effective Bandwidth: 1.460987e-02 GB/s

PASSED

============================== 2 passed in 4.09s ===============================
