============================= test session starts ==============================
platform linux -- Python 3.12.3, pytest-9.0.2, pluggy-1.6.0 -- /home/hitoshi/IRON/ironenv/bin/python3
cachedir: .pytest_cache
rootdir: /home/hitoshi/IRON
configfile: pytest.ini
plugins: anyio-4.12.0
collecting ... collected 2 items

test.py::test_spmv[matrix_vector_mul_1404x1404_31ell_1_1col0] NPU Data Shape: (87048,)
ell_width: 31
Matrix Rows(cal by npu data and ell_width): 1404
using scalar matvec kernel
Added trace shim tile: tile(col=0, row=0)
Tiles to trace: [%0 = "aie.tile"() <{col = 0 : i32, row = 2 : i32}> : () -> index, %0 = "aie.tile"() <{col = 0 : i32, row = 2 : i32}> : () -> index, %3 = "aie.tile"() <{col = 0 : i32, row = 0 : i32}> : () -> index]
core tile memory trace
Input Buffer: sparse_matrix, Size (bytes): 174096
Input Buffer: vector, Size (bytes): 2808
Output Buffer: output, Size (bytes): 2808
[AIESPMV] Trace saved to trace_spmv_1404_1404_1_1col_1st.txt
[AIESPMV] Trace contains 32768 non-empty lines.
[AIESPMV] Using MLIR file: build/spmv_1c_1404x1404_31ell_1t_traceddr3.mlir
[AIESPMV] Parsing trace command: python3 ../../applications/llama_3.2_1b/parse_trace.py --input trace_spmv_1404_1404_1_1col_1st.txt --mlir build/spmv_1c_1404x1404_31ell_1t_traceddr3.mlir --output trace_spmv_1404_1404_1_1col_1st.json
[AIESPMV] Trace parsed successfully. Output: trace_spmv_1404_1404_1_1col_1st.json

Latency: 463.1 us
Throughput: 8.513700e+00 GFLOP/s
Effective Bandwidth: 3.880889e-01 GB/s

PASSED
test.py::test_spmv[matrix_vector_mul_1404x1404_31ell_1_1col1] NPU Data Shape: (87048,)
ell_width: 31
Matrix Rows(cal by npu data and ell_width): 1404
Input Buffer: sparse_matrix, Size (bytes): 174096
Input Buffer: vector, Size (bytes): 2808
Output Buffer: output, Size (bytes): 2808
[AIESPMV] Trace saved to trace_spmv_1404_1404_1_1col_1st.txt
[AIESPMV] Trace contains 32768 non-empty lines.
[AIESPMV] Using MLIR file: build/spmv_1c_1404x1404_31ell_1t_traceddr3.mlir
[AIESPMV] Parsing trace command: python3 ../../applications/llama_3.2_1b/parse_trace.py --input trace_spmv_1404_1404_1_1col_1st.txt --mlir build/spmv_1c_1404x1404_31ell_1t_traceddr3.mlir --output trace_spmv_1404_1404_1_1col_1st.json
[AIESPMV] Trace parsed successfully. Output: trace_spmv_1404_1404_1_1col_1st.json

Latency: 465.8 us
Throughput: 8.464535e+00 GFLOP/s
Effective Bandwidth: 3.858477e-01 GB/s

PASSED

============================== 2 passed in 8.96s ===============================
